The system is: Linux - 4.14.0-115.el7a.0.1.aarch64 - aarch64
Compiling the C compiler identification source file "CMakeCCompilerId.c" succeeded.
Compiler: /usr/bin/cc 
Build flags: 
Id flags: 

The output was:
0


Compilation of the C compiler identification source "CMakeCCompilerId.c" produced "a.out"

The C compiler identification is GNU, found in "/home/HwHiAiUser/HIAI_PROJECTS/hpa/build/intermediates/host/CMakeFiles/3.5.2/CompilerIdC/a.out"

Compiling the CXX compiler identification source file "CMakeCXXCompilerId.cpp" succeeded.
Compiler: /usr/bin/g++ 
Build flags: 
Id flags: 

The output was:
0


Compilation of the CXX compiler identification source "CMakeCXXCompilerId.cpp" produced "a.out"

The CXX compiler identification is GNU, found in "/home/HwHiAiUser/HIAI_PROJECTS/hpa/build/intermediates/host/CMakeFiles/3.5.2/CompilerIdCXX/a.out"

Determining if the C compiler works passed with the following output:
Change Dir: /home/HwHiAiUser/HIAI_PROJECTS/hpa/build/intermediates/host/CMakeFiles/CMakeTmp

Run Build Command:"/usr/bin/gmake" "cmTC_bd7b8/fast"
/usr/bin/gmake -f CMakeFiles/cmTC_bd7b8.dir/build.make CMakeFiles/cmTC_bd7b8.dir/build
gmake[1]: Entering directory `/home/HwHiAiUser/HIAI_PROJECTS/hpa/build/intermediates/host/CMakeFiles/CMakeTmp'
Building C object CMakeFiles/cmTC_bd7b8.dir/testCCompiler.c.o
/usr/bin/cc     -o CMakeFiles/cmTC_bd7b8.dir/testCCompiler.c.o   -c /home/HwHiAiUser/HIAI_PROJECTS/hpa/build/intermediates/host/CMakeFiles/CMakeTmp/testCCompiler.c
Linking C executable cmTC_bd7b8
/usr/bin/cmake -E cmake_link_script CMakeFiles/cmTC_bd7b8.dir/link.txt --verbose=1
/usr/bin/cc       CMakeFiles/cmTC_bd7b8.dir/testCCompiler.c.o  -o cmTC_bd7b8 
gmake[1]: Leaving directory `/home/HwHiAiUser/HIAI_PROJECTS/hpa/build/intermediates/host/CMakeFiles/CMakeTmp'


Detecting C compiler ABI info compiled with the following output:
Change Dir: /home/HwHiAiUser/HIAI_PROJECTS/hpa/build/intermediates/host/CMakeFiles/CMakeTmp

Run Build Command:"/usr/bin/gmake" "cmTC_c2547/fast"
/usr/bin/gmake -f CMakeFiles/cmTC_c2547.dir/build.make CMakeFiles/cmTC_c2547.dir/build
gmake[1]: Entering directory `/home/HwHiAiUser/HIAI_PROJECTS/hpa/build/intermediates/host/CMakeFiles/CMakeTmp'
Building C object CMakeFiles/cmTC_c2547.dir/CMakeCCompilerABI.c.o
/usr/bin/cc     -o CMakeFiles/cmTC_c2547.dir/CMakeCCompilerABI.c.o   -c /usr/share/cmake-3.5/Modules/CMakeCCompilerABI.c
Linking C executable cmTC_c2547
/usr/bin/cmake -E cmake_link_script CMakeFiles/cmTC_c2547.dir/link.txt --verbose=1
/usr/bin/cc      -v CMakeFiles/cmTC_c2547.dir/CMakeCCompilerABI.c.o  -o cmTC_c2547  
Using built-in specs.
COLLECT_GCC=/usr/bin/cc
COLLECT_LTO_WRAPPER=/usr/libexec/gcc/aarch64-redhat-linux/4.8.5/lto-wrapper
Target: aarch64-redhat-linux
Configured with: ../configure --prefix=/usr --mandir=/usr/share/man --infodir=/usr/share/info --with-bugurl=http://bugzilla.redhat.com/bugzilla --enable-bootstrap --enable-shared --enable-threads=posix --enable-checking=release --with-system-zlib --enable-__cxa_atexit --disable-libunwind-exceptions --enable-gnu-unique-object --enable-linker-build-id --with-linker-hash-style=gnu --enable-languages=c,c++,objc,obj-c++,java,fortran,ada,lto --enable-plugin --enable-initfini-array --disable-libgcj --with-isl=/builddir/build/BUILD/gcc-4.8.5-20150702/obj-aarch64-redhat-linux/isl-install --with-cloog=/builddir/build/BUILD/gcc-4.8.5-20150702/obj-aarch64-redhat-linux/cloog-install --enable-gnu-indirect-function --build=aarch64-redhat-linux
Thread model: posix
gcc version 4.8.5 20150623 (Red Hat 4.8.5-39) (GCC) 
COMPILER_PATH=/usr/libexec/gcc/aarch64-redhat-linux/4.8.5/:/usr/libexec/gcc/aarch64-redhat-linux/4.8.5/:/usr/libexec/gcc/aarch64-redhat-linux/:/usr/lib/gcc/aarch64-redhat-linux/4.8.5/:/usr/lib/gcc/aarch64-redhat-linux/
LIBRARY_PATH=/usr/lib/gcc/aarch64-redhat-linux/4.8.5/:/usr/lib/gcc/aarch64-redhat-linux/4.8.5/../../../../lib64/:/lib/../lib64/:/usr/lib/../lib64/:/usr/lib/gcc/aarch64-redhat-linux/4.8.5/../../../:/lib/:/usr/lib/
COLLECT_GCC_OPTIONS='-v' '-o' 'cmTC_c2547'
 /usr/libexec/gcc/aarch64-redhat-linux/4.8.5/collect2 --build-id --no-add-needed --eh-frame-hdr --hash-style=gnu -dynamic-linker /lib/ld-linux-aarch64.so.1 -X -o cmTC_c2547 /usr/lib/gcc/aarch64-redhat-linux/4.8.5/../../../../lib64/crt1.o /usr/lib/gcc/aarch64-redhat-linux/4.8.5/../../../../lib64/crti.o /usr/lib/gcc/aarch64-redhat-linux/4.8.5/crtbegin.o -L/usr/lib/gcc/aarch64-redhat-linux/4.8.5 -L/usr/lib/gcc/aarch64-redhat-linux/4.8.5/../../../../lib64 -L/lib/../lib64 -L/usr/lib/../lib64 -L/usr/lib/gcc/aarch64-redhat-linux/4.8.5/../../.. CMakeFiles/cmTC_c2547.dir/CMakeCCompilerABI.c.o -lgcc --as-needed -lgcc_s --no-as-needed -lc -lgcc --as-needed -lgcc_s --no-as-needed /usr/lib/gcc/aarch64-redhat-linux/4.8.5/crtend.o /usr/lib/gcc/aarch64-redhat-linux/4.8.5/../../../../lib64/crtn.o
gmake[1]: Leaving directory `/home/HwHiAiUser/HIAI_PROJECTS/hpa/build/intermediates/host/CMakeFiles/CMakeTmp'


Parsed C implicit link information from above output:
  link line regex: [^( *|.*[/\])(ld|([^/\]+-)?ld|collect2)[^/\]*( |$)]
  ignore line: [Change Dir: /home/HwHiAiUser/HIAI_PROJECTS/hpa/build/intermediates/host/CMakeFiles/CMakeTmp]
  ignore line: []
  ignore line: [Run Build Command:"/usr/bin/gmake" "cmTC_c2547/fast"]
  ignore line: [/usr/bin/gmake -f CMakeFiles/cmTC_c2547.dir/build.make CMakeFiles/cmTC_c2547.dir/build]
  ignore line: [gmake[1]: Entering directory `/home/HwHiAiUser/HIAI_PROJECTS/hpa/build/intermediates/host/CMakeFiles/CMakeTmp']
  ignore line: [Building C object CMakeFiles/cmTC_c2547.dir/CMakeCCompilerABI.c.o]
  ignore line: [/usr/bin/cc     -o CMakeFiles/cmTC_c2547.dir/CMakeCCompilerABI.c.o   -c /usr/share/cmake-3.5/Modules/CMakeCCompilerABI.c]
  ignore line: [Linking C executable cmTC_c2547]
  ignore line: [/usr/bin/cmake -E cmake_link_script CMakeFiles/cmTC_c2547.dir/link.txt --verbose=1]
  ignore line: [/usr/bin/cc      -v CMakeFiles/cmTC_c2547.dir/CMakeCCompilerABI.c.o  -o cmTC_c2547  ]
  ignore line: [Using built-in specs.]
  ignore line: [COLLECT_GCC=/usr/bin/cc]
  ignore line: [COLLECT_LTO_WRAPPER=/usr/libexec/gcc/aarch64-redhat-linux/4.8.5/lto-wrapper]
  ignore line: [Target: aarch64-redhat-linux]
  ignore line: [Configured with: ../configure --prefix=/usr --mandir=/usr/share/man --infodir=/usr/share/info --with-bugurl=http://bugzilla.redhat.com/bugzilla --enable-bootstrap --enable-shared --enable-threads=posix --enable-checking=release --with-system-zlib --enable-__cxa_atexit --disable-libunwind-exceptions --enable-gnu-unique-object --enable-linker-build-id --with-linker-hash-style=gnu --enable-languages=c,c++,objc,obj-c++,java,fortran,ada,lto --enable-plugin --enable-initfini-array --disable-libgcj --with-isl=/builddir/build/BUILD/gcc-4.8.5-20150702/obj-aarch64-redhat-linux/isl-install --with-cloog=/builddir/build/BUILD/gcc-4.8.5-20150702/obj-aarch64-redhat-linux/cloog-install --enable-gnu-indirect-function --build=aarch64-redhat-linux]
  ignore line: [Thread model: posix]
  ignore line: [gcc version 4.8.5 20150623 (Red Hat 4.8.5-39) (GCC) ]
  ignore line: [COMPILER_PATH=/usr/libexec/gcc/aarch64-redhat-linux/4.8.5/:/usr/libexec/gcc/aarch64-redhat-linux/4.8.5/:/usr/libexec/gcc/aarch64-redhat-linux/:/usr/lib/gcc/aarch64-redhat-linux/4.8.5/:/usr/lib/gcc/aarch64-redhat-linux/]
  ignore line: [LIBRARY_PATH=/usr/lib/gcc/aarch64-redhat-linux/4.8.5/:/usr/lib/gcc/aarch64-redhat-linux/4.8.5/../../../../lib64/:/lib/../lib64/:/usr/lib/../lib64/:/usr/lib/gcc/aarch64-redhat-linux/4.8.5/../../../:/lib/:/usr/lib/]
  ignore line: [COLLECT_GCC_OPTIONS='-v' '-o' 'cmTC_c2547']
  link line: [ /usr/libexec/gcc/aarch64-redhat-linux/4.8.5/collect2 --build-id --no-add-needed --eh-frame-hdr --hash-style=gnu -dynamic-linker /lib/ld-linux-aarch64.so.1 -X -o cmTC_c2547 /usr/lib/gcc/aarch64-redhat-linux/4.8.5/../../../../lib64/crt1.o /usr/lib/gcc/aarch64-redhat-linux/4.8.5/../../../../lib64/crti.o /usr/lib/gcc/aarch64-redhat-linux/4.8.5/crtbegin.o -L/usr/lib/gcc/aarch64-redhat-linux/4.8.5 -L/usr/lib/gcc/aarch64-redhat-linux/4.8.5/../../../../lib64 -L/lib/../lib64 -L/usr/lib/../lib64 -L/usr/lib/gcc/aarch64-redhat-linux/4.8.5/../../.. CMakeFiles/cmTC_c2547.dir/CMakeCCompilerABI.c.o -lgcc --as-needed -lgcc_s --no-as-needed -lc -lgcc --as-needed -lgcc_s --no-as-needed /usr/lib/gcc/aarch64-redhat-linux/4.8.5/crtend.o /usr/lib/gcc/aarch64-redhat-linux/4.8.5/../../../../lib64/crtn.o]
    arg [/usr/libexec/gcc/aarch64-redhat-linux/4.8.5/collect2] ==> ignore
    arg [--build-id] ==> ignore
    arg [--no-add-needed] ==> ignore
    arg [--eh-frame-hdr] ==> ignore
    arg [--hash-style=gnu] ==> ignore
    arg [-dynamic-linker] ==> ignore
    arg [/lib/ld-linux-aarch64.so.1] ==> ignore
    arg [-X] ==> ignore
    arg [-o] ==> ignore
    arg [cmTC_c2547] ==> ignore
    arg [/usr/lib/gcc/aarch64-redhat-linux/4.8.5/../../../../lib64/crt1.o] ==> ignore
    arg [/usr/lib/gcc/aarch64-redhat-linux/4.8.5/../../../../lib64/crti.o] ==> ignore
    arg [/usr/lib/gcc/aarch64-redhat-linux/4.8.5/crtbegin.o] ==> ignore
    arg [-L/usr/lib/gcc/aarch64-redhat-linux/4.8.5] ==> dir [/usr/lib/gcc/aarch64-redhat-linux/4.8.5]
    arg [-L/usr/lib/gcc/aarch64-redhat-linux/4.8.5/../../../../lib64] ==> dir [/usr/lib/gcc/aarch64-redhat-linux/4.8.5/../../../../lib64]
    arg [-L/lib/../lib64] ==> dir [/lib/../lib64]
    arg [-L/usr/lib/../lib64] ==> dir [/usr/lib/../lib64]
    arg [-L/usr/lib/gcc/aarch64-redhat-linux/4.8.5/../../..] ==> dir [/usr/lib/gcc/aarch64-redhat-linux/4.8.5/../../..]
    arg [CMakeFiles/cmTC_c2547.dir/CMakeCCompilerABI.c.o] ==> ignore
    arg [-lgcc] ==> lib [gcc]
    arg [--as-needed] ==> ignore
    arg [-lgcc_s] ==> lib [gcc_s]
    arg [--no-as-needed] ==> ignore
    arg [-lc] ==> lib [c]
    arg [-lgcc] ==> lib [gcc]
    arg [--as-needed] ==> ignore
    arg [-lgcc_s] ==> lib [gcc_s]
    arg [--no-as-needed] ==> ignore
    arg [/usr/lib/gcc/aarch64-redhat-linux/4.8.5/crtend.o] ==> ignore
    arg [/usr/lib/gcc/aarch64-redhat-linux/4.8.5/../../../../lib64/crtn.o] ==> ignore
  remove lib [gcc]
  remove lib [gcc_s]
  remove lib [gcc]
  remove lib [gcc_s]
  collapse library dir [/usr/lib/gcc/aarch64-redhat-linux/4.8.5] ==> [/usr/lib/gcc/aarch64-redhat-linux/4.8.5]
  collapse library dir [/usr/lib/gcc/aarch64-redhat-linux/4.8.5/../../../../lib64] ==> [/usr/lib64]
  collapse library dir [/lib/../lib64] ==> [/lib64]
  collapse library dir [/usr/lib/../lib64] ==> [/usr/lib64]
  collapse library dir [/usr/lib/gcc/aarch64-redhat-linux/4.8.5/../../..] ==> [/usr/lib]
  implicit libs: [c]
  implicit dirs: [/usr/lib/gcc/aarch64-redhat-linux/4.8.5;/usr/lib64;/lib64;/usr/lib]
  implicit fwks: []




Detecting C [-std=c11] compiler features compiled with the following output:
Change Dir: /home/HwHiAiUser/HIAI_PROJECTS/hpa/build/intermediates/host/CMakeFiles/CMakeTmp

Run Build Command:"/usr/bin/gmake" "cmTC_07c7c/fast"
/usr/bin/gmake -f CMakeFiles/cmTC_07c7c.dir/build.make CMakeFiles/cmTC_07c7c.dir/build
gmake[1]: Entering directory `/home/HwHiAiUser/HIAI_PROJECTS/hpa/build/intermediates/host/CMakeFiles/CMakeTmp'
Building C object CMakeFiles/cmTC_07c7c.dir/feature_tests.c.o
/usr/bin/cc    -std=c11 -o CMakeFiles/cmTC_07c7c.dir/feature_tests.c.o   -c /home/HwHiAiUser/HIAI_PROJECTS/hpa/build/intermediates/host/CMakeFiles/feature_tests.c
Linking C executable cmTC_07c7c
/usr/bin/cmake -E cmake_link_script CMakeFiles/cmTC_07c7c.dir/link.txt --verbose=1
/usr/bin/cc       CMakeFiles/cmTC_07c7c.dir/feature_tests.c.o  -o cmTC_07c7c 
gmake[1]: Leaving directory `/home/HwHiAiUser/HIAI_PROJECTS/hpa/build/intermediates/host/CMakeFiles/CMakeTmp'


    Feature record: C_FEATURE:1c_function_prototypes
    Feature record: C_FEATURE:1c_restrict
    Feature record: C_FEATURE:1c_static_assert
    Feature record: C_FEATURE:1c_variadic_macros


Detecting C [-std=c99] compiler features compiled with the following output:
Change Dir: /home/HwHiAiUser/HIAI_PROJECTS/hpa/build/intermediates/host/CMakeFiles/CMakeTmp

Run Build Command:"/usr/bin/gmake" "cmTC_d1b5f/fast"
/usr/bin/gmake -f CMakeFiles/cmTC_d1b5f.dir/build.make CMakeFiles/cmTC_d1b5f.dir/build
gmake[1]: Entering directory `/home/HwHiAiUser/HIAI_PROJECTS/hpa/build/intermediates/host/CMakeFiles/CMakeTmp'
Building C object CMakeFiles/cmTC_d1b5f.dir/feature_tests.c.o
/usr/bin/cc    -std=c99 -o CMakeFiles/cmTC_d1b5f.dir/feature_tests.c.o   -c /home/HwHiAiUser/HIAI_PROJECTS/hpa/build/intermediates/host/CMakeFiles/feature_tests.c
Linking C executable cmTC_d1b5f
/usr/bin/cmake -E cmake_link_script CMakeFiles/cmTC_d1b5f.dir/link.txt --verbose=1
/usr/bin/cc       CMakeFiles/cmTC_d1b5f.dir/feature_tests.c.o  -o cmTC_d1b5f 
gmake[1]: Leaving directory `/home/HwHiAiUser/HIAI_PROJECTS/hpa/build/intermediates/host/CMakeFiles/CMakeTmp'


    Feature record: C_FEATURE:1c_function_prototypes
    Feature record: C_FEATURE:1c_restrict
    Feature record: C_FEATURE:0c_static_assert
    Feature record: C_FEATURE:1c_variadic_macros


Detecting C [-std=c90] compiler features compiled with the following output:
Change Dir: /home/HwHiAiUser/HIAI_PROJECTS/hpa/build/intermediates/host/CMakeFiles/CMakeTmp

Run Build Command:"/usr/bin/gmake" "cmTC_2c3f8/fast"
/usr/bin/gmake -f CMakeFiles/cmTC_2c3f8.dir/build.make CMakeFiles/cmTC_2c3f8.dir/build
gmake[1]: Entering directory `/home/HwHiAiUser/HIAI_PROJECTS/hpa/build/intermediates/host/CMakeFiles/CMakeTmp'
Building C object CMakeFiles/cmTC_2c3f8.dir/feature_tests.c.o
/usr/bin/cc    -std=c90 -o CMakeFiles/cmTC_2c3f8.dir/feature_tests.c.o   -c /home/HwHiAiUser/HIAI_PROJECTS/hpa/build/intermediates/host/CMakeFiles/feature_tests.c
Linking C executable cmTC_2c3f8
/usr/bin/cmake -E cmake_link_script CMakeFiles/cmTC_2c3f8.dir/link.txt --verbose=1
/usr/bin/cc       CMakeFiles/cmTC_2c3f8.dir/feature_tests.c.o  -o cmTC_2c3f8 
gmake[1]: Leaving directory `/home/HwHiAiUser/HIAI_PROJECTS/hpa/build/intermediates/host/CMakeFiles/CMakeTmp'


    Feature record: C_FEATURE:1c_function_prototypes
    Feature record: C_FEATURE:0c_restrict
    Feature record: C_FEATURE:0c_static_assert
    Feature record: C_FEATURE:0c_variadic_macros
Determining if the CXX compiler works passed with the following output:
Change Dir: /home/HwHiAiUser/HIAI_PROJECTS/hpa/build/intermediates/host/CMakeFiles/CMakeTmp

Run Build Command:"/usr/bin/gmake" "cmTC_62d84/fast"
/usr/bin/gmake -f CMakeFiles/cmTC_62d84.dir/build.make CMakeFiles/cmTC_62d84.dir/build
gmake[1]: Entering directory `/home/HwHiAiUser/HIAI_PROJECTS/hpa/build/intermediates/host/CMakeFiles/CMakeTmp'
Building CXX object CMakeFiles/cmTC_62d84.dir/testCXXCompiler.cxx.o
/usr/bin/g++      -o CMakeFiles/cmTC_62d84.dir/testCXXCompiler.cxx.o -c /home/HwHiAiUser/HIAI_PROJECTS/hpa/build/intermediates/host/CMakeFiles/CMakeTmp/testCXXCompiler.cxx
Linking CXX executable cmTC_62d84
/usr/bin/cmake -E cmake_link_script CMakeFiles/cmTC_62d84.dir/link.txt --verbose=1
/usr/bin/g++        CMakeFiles/cmTC_62d84.dir/testCXXCompiler.cxx.o  -o cmTC_62d84 
gmake[1]: Leaving directory `/home/HwHiAiUser/HIAI_PROJECTS/hpa/build/intermediates/host/CMakeFiles/CMakeTmp'


Detecting CXX compiler ABI info compiled with the following output:
Change Dir: /home/HwHiAiUser/HIAI_PROJECTS/hpa/build/intermediates/host/CMakeFiles/CMakeTmp

Run Build Command:"/usr/bin/gmake" "cmTC_9e9bd/fast"
/usr/bin/gmake -f CMakeFiles/cmTC_9e9bd.dir/build.make CMakeFiles/cmTC_9e9bd.dir/build
gmake[1]: Entering directory `/home/HwHiAiUser/HIAI_PROJECTS/hpa/build/intermediates/host/CMakeFiles/CMakeTmp'
Building CXX object CMakeFiles/cmTC_9e9bd.dir/CMakeCXXCompilerABI.cpp.o
/usr/bin/g++      -o CMakeFiles/cmTC_9e9bd.dir/CMakeCXXCompilerABI.cpp.o -c /usr/share/cmake-3.5/Modules/CMakeCXXCompilerABI.cpp
Linking CXX executable cmTC_9e9bd
/usr/bin/cmake -E cmake_link_script CMakeFiles/cmTC_9e9bd.dir/link.txt --verbose=1
/usr/bin/g++       -v CMakeFiles/cmTC_9e9bd.dir/CMakeCXXCompilerABI.cpp.o  -o cmTC_9e9bd  
Using built-in specs.
COLLECT_GCC=/usr/bin/g++
COLLECT_LTO_WRAPPER=/usr/libexec/gcc/aarch64-redhat-linux/4.8.5/lto-wrapper
Target: aarch64-redhat-linux
Configured with: ../configure --prefix=/usr --mandir=/usr/share/man --infodir=/usr/share/info --with-bugurl=http://bugzilla.redhat.com/bugzilla --enable-bootstrap --enable-shared --enable-threads=posix --enable-checking=release --with-system-zlib --enable-__cxa_atexit --disable-libunwind-exceptions --enable-gnu-unique-object --enable-linker-build-id --with-linker-hash-style=gnu --enable-languages=c,c++,objc,obj-c++,java,fortran,ada,lto --enable-plugin --enable-initfini-array --disable-libgcj --with-isl=/builddir/build/BUILD/gcc-4.8.5-20150702/obj-aarch64-redhat-linux/isl-install --with-cloog=/builddir/build/BUILD/gcc-4.8.5-20150702/obj-aarch64-redhat-linux/cloog-install --enable-gnu-indirect-function --build=aarch64-redhat-linux
Thread model: posix
gcc version 4.8.5 20150623 (Red Hat 4.8.5-39) (GCC) 
COMPILER_PATH=/usr/libexec/gcc/aarch64-redhat-linux/4.8.5/:/usr/libexec/gcc/aarch64-redhat-linux/4.8.5/:/usr/libexec/gcc/aarch64-redhat-linux/:/usr/lib/gcc/aarch64-redhat-linux/4.8.5/:/usr/lib/gcc/aarch64-redhat-linux/
LIBRARY_PATH=/usr/lib/gcc/aarch64-redhat-linux/4.8.5/:/usr/lib/gcc/aarch64-redhat-linux/4.8.5/../../../../lib64/:/lib/../lib64/:/usr/lib/../lib64/:/usr/lib/gcc/aarch64-redhat-linux/4.8.5/../../../:/lib/:/usr/lib/
COLLECT_GCC_OPTIONS='-v' '-o' 'cmTC_9e9bd' '-shared-libgcc'
 /usr/libexec/gcc/aarch64-redhat-linux/4.8.5/collect2 --build-id --no-add-needed --eh-frame-hdr --hash-style=gnu -dynamic-linker /lib/ld-linux-aarch64.so.1 -X -o cmTC_9e9bd /usr/lib/gcc/aarch64-redhat-linux/4.8.5/../../../../lib64/crt1.o /usr/lib/gcc/aarch64-redhat-linux/4.8.5/../../../../lib64/crti.o /usr/lib/gcc/aarch64-redhat-linux/4.8.5/crtbegin.o -L/usr/lib/gcc/aarch64-redhat-linux/4.8.5 -L/usr/lib/gcc/aarch64-redhat-linux/4.8.5/../../../../lib64 -L/lib/../lib64 -L/usr/lib/../lib64 -L/usr/lib/gcc/aarch64-redhat-linux/4.8.5/../../.. CMakeFiles/cmTC_9e9bd.dir/CMakeCXXCompilerABI.cpp.o -lstdc++ -lm -lgcc_s -lgcc -lc -lgcc_s -lgcc /usr/lib/gcc/aarch64-redhat-linux/4.8.5/crtend.o /usr/lib/gcc/aarch64-redhat-linux/4.8.5/../../../../lib64/crtn.o
gmake[1]: Leaving directory `/home/HwHiAiUser/HIAI_PROJECTS/hpa/build/intermediates/host/CMakeFiles/CMakeTmp'


Parsed CXX implicit link information from above output:
  link line regex: [^( *|.*[/\])(ld|([^/\]+-)?ld|collect2)[^/\]*( |$)]
  ignore line: [Change Dir: /home/HwHiAiUser/HIAI_PROJECTS/hpa/build/intermediates/host/CMakeFiles/CMakeTmp]
  ignore line: []
  ignore line: [Run Build Command:"/usr/bin/gmake" "cmTC_9e9bd/fast"]
  ignore line: [/usr/bin/gmake -f CMakeFiles/cmTC_9e9bd.dir/build.make CMakeFiles/cmTC_9e9bd.dir/build]
  ignore line: [gmake[1]: Entering directory `/home/HwHiAiUser/HIAI_PROJECTS/hpa/build/intermediates/host/CMakeFiles/CMakeTmp']
  ignore line: [Building CXX object CMakeFiles/cmTC_9e9bd.dir/CMakeCXXCompilerABI.cpp.o]
  ignore line: [/usr/bin/g++      -o CMakeFiles/cmTC_9e9bd.dir/CMakeCXXCompilerABI.cpp.o -c /usr/share/cmake-3.5/Modules/CMakeCXXCompilerABI.cpp]
  ignore line: [Linking CXX executable cmTC_9e9bd]
  ignore line: [/usr/bin/cmake -E cmake_link_script CMakeFiles/cmTC_9e9bd.dir/link.txt --verbose=1]
  ignore line: [/usr/bin/g++       -v CMakeFiles/cmTC_9e9bd.dir/CMakeCXXCompilerABI.cpp.o  -o cmTC_9e9bd  ]
  ignore line: [Using built-in specs.]
  ignore line: [COLLECT_GCC=/usr/bin/g++]
  ignore line: [COLLECT_LTO_WRAPPER=/usr/libexec/gcc/aarch64-redhat-linux/4.8.5/lto-wrapper]
  ignore line: [Target: aarch64-redhat-linux]
  ignore line: [Configured with: ../configure --prefix=/usr --mandir=/usr/share/man --infodir=/usr/share/info --with-bugurl=http://bugzilla.redhat.com/bugzilla --enable-bootstrap --enable-shared --enable-threads=posix --enable-checking=release --with-system-zlib --enable-__cxa_atexit --disable-libunwind-exceptions --enable-gnu-unique-object --enable-linker-build-id --with-linker-hash-style=gnu --enable-languages=c,c++,objc,obj-c++,java,fortran,ada,lto --enable-plugin --enable-initfini-array --disable-libgcj --with-isl=/builddir/build/BUILD/gcc-4.8.5-20150702/obj-aarch64-redhat-linux/isl-install --with-cloog=/builddir/build/BUILD/gcc-4.8.5-20150702/obj-aarch64-redhat-linux/cloog-install --enable-gnu-indirect-function --build=aarch64-redhat-linux]
  ignore line: [Thread model: posix]
  ignore line: [gcc version 4.8.5 20150623 (Red Hat 4.8.5-39) (GCC) ]
  ignore line: [COMPILER_PATH=/usr/libexec/gcc/aarch64-redhat-linux/4.8.5/:/usr/libexec/gcc/aarch64-redhat-linux/4.8.5/:/usr/libexec/gcc/aarch64-redhat-linux/:/usr/lib/gcc/aarch64-redhat-linux/4.8.5/:/usr/lib/gcc/aarch64-redhat-linux/]
  ignore line: [LIBRARY_PATH=/usr/lib/gcc/aarch64-redhat-linux/4.8.5/:/usr/lib/gcc/aarch64-redhat-linux/4.8.5/../../../../lib64/:/lib/../lib64/:/usr/lib/../lib64/:/usr/lib/gcc/aarch64-redhat-linux/4.8.5/../../../:/lib/:/usr/lib/]
  ignore line: [COLLECT_GCC_OPTIONS='-v' '-o' 'cmTC_9e9bd' '-shared-libgcc']
  link line: [ /usr/libexec/gcc/aarch64-redhat-linux/4.8.5/collect2 --build-id --no-add-needed --eh-frame-hdr --hash-style=gnu -dynamic-linker /lib/ld-linux-aarch64.so.1 -X -o cmTC_9e9bd /usr/lib/gcc/aarch64-redhat-linux/4.8.5/../../../../lib64/crt1.o /usr/lib/gcc/aarch64-redhat-linux/4.8.5/../../../../lib64/crti.o /usr/lib/gcc/aarch64-redhat-linux/4.8.5/crtbegin.o -L/usr/lib/gcc/aarch64-redhat-linux/4.8.5 -L/usr/lib/gcc/aarch64-redhat-linux/4.8.5/../../../../lib64 -L/lib/../lib64 -L/usr/lib/../lib64 -L/usr/lib/gcc/aarch64-redhat-linux/4.8.5/../../.. CMakeFiles/cmTC_9e9bd.dir/CMakeCXXCompilerABI.cpp.o -lstdc++ -lm -lgcc_s -lgcc -lc -lgcc_s -lgcc /usr/lib/gcc/aarch64-redhat-linux/4.8.5/crtend.o /usr/lib/gcc/aarch64-redhat-linux/4.8.5/../../../../lib64/crtn.o]
    arg [/usr/libexec/gcc/aarch64-redhat-linux/4.8.5/collect2] ==> ignore
    arg [--build-id] ==> ignore
    arg [--no-add-needed] ==> ignore
    arg [--eh-frame-hdr] ==> ignore
    arg [--hash-style=gnu] ==> ignore
    arg [-dynamic-linker] ==> ignore
    arg [/lib/ld-linux-aarch64.so.1] ==> ignore
    arg [-X] ==> ignore
    arg [-o] ==> ignore
    arg [cmTC_9e9bd] ==> ignore
    arg [/usr/lib/gcc/aarch64-redhat-linux/4.8.5/../../../../lib64/crt1.o] ==> ignore
    arg [/usr/lib/gcc/aarch64-redhat-linux/4.8.5/../../../../lib64/crti.o] ==> ignore
    arg [/usr/lib/gcc/aarch64-redhat-linux/4.8.5/crtbegin.o] ==> ignore
    arg [-L/usr/lib/gcc/aarch64-redhat-linux/4.8.5] ==> dir [/usr/lib/gcc/aarch64-redhat-linux/4.8.5]
    arg [-L/usr/lib/gcc/aarch64-redhat-linux/4.8.5/../../../../lib64] ==> dir [/usr/lib/gcc/aarch64-redhat-linux/4.8.5/../../../../lib64]
    arg [-L/lib/../lib64] ==> dir [/lib/../lib64]
    arg [-L/usr/lib/../lib64] ==> dir [/usr/lib/../lib64]
    arg [-L/usr/lib/gcc/aarch64-redhat-linux/4.8.5/../../..] ==> dir [/usr/lib/gcc/aarch64-redhat-linux/4.8.5/../../..]
    arg [CMakeFiles/cmTC_9e9bd.dir/CMakeCXXCompilerABI.cpp.o] ==> ignore
    arg [-lstdc++] ==> lib [stdc++]
    arg [-lm] ==> lib [m]
    arg [-lgcc_s] ==> lib [gcc_s]
    arg [-lgcc] ==> lib [gcc]
    arg [-lc] ==> lib [c]
    arg [-lgcc_s] ==> lib [gcc_s]
    arg [-lgcc] ==> lib [gcc]
    arg [/usr/lib/gcc/aarch64-redhat-linux/4.8.5/crtend.o] ==> ignore
    arg [/usr/lib/gcc/aarch64-redhat-linux/4.8.5/../../../../lib64/crtn.o] ==> ignore
  remove lib [gcc_s]
  remove lib [gcc]
  remove lib [gcc_s]
  remove lib [gcc]
  collapse library dir [/usr/lib/gcc/aarch64-redhat-linux/4.8.5] ==> [/usr/lib/gcc/aarch64-redhat-linux/4.8.5]
  collapse library dir [/usr/lib/gcc/aarch64-redhat-linux/4.8.5/../../../../lib64] ==> [/usr/lib64]
  collapse library dir [/lib/../lib64] ==> [/lib64]
  collapse library dir [/usr/lib/../lib64] ==> [/usr/lib64]
  collapse library dir [/usr/lib/gcc/aarch64-redhat-linux/4.8.5/../../..] ==> [/usr/lib]
  implicit libs: [stdc++;m;c]
  implicit dirs: [/usr/lib/gcc/aarch64-redhat-linux/4.8.5;/usr/lib64;/lib64;/usr/lib]
  implicit fwks: []




Detecting CXX [-std=c++1y] compiler features compiled with the following output:
Change Dir: /home/HwHiAiUser/HIAI_PROJECTS/hpa/build/intermediates/host/CMakeFiles/CMakeTmp

Run Build Command:"/usr/bin/gmake" "cmTC_0c941/fast"
/usr/bin/gmake -f CMakeFiles/cmTC_0c941.dir/build.make CMakeFiles/cmTC_0c941.dir/build
gmake[1]: Entering directory `/home/HwHiAiUser/HIAI_PROJECTS/hpa/build/intermediates/host/CMakeFiles/CMakeTmp'
Building CXX object CMakeFiles/cmTC_0c941.dir/feature_tests.cxx.o
/usr/bin/g++     -std=c++1y -o CMakeFiles/cmTC_0c941.dir/feature_tests.cxx.o -c /home/HwHiAiUser/HIAI_PROJECTS/hpa/build/intermediates/host/CMakeFiles/feature_tests.cxx
Linking CXX executable cmTC_0c941
/usr/bin/cmake -E cmake_link_script CMakeFiles/cmTC_0c941.dir/link.txt --verbose=1
/usr/bin/g++        CMakeFiles/cmTC_0c941.dir/feature_tests.cxx.o  -o cmTC_0c941 
gmake[1]: Leaving directory `/home/HwHiAiUser/HIAI_PROJECTS/hpa/build/intermediates/host/CMakeFiles/CMakeTmp'


    Feature record: CXX_FEATURE:0cxx_aggregate_default_initializers
    Feature record: CXX_FEATURE:1cxx_alias_templates
    Feature record: CXX_FEATURE:1cxx_alignas
    Feature record: CXX_FEATURE:1cxx_alignof
    Feature record: CXX_FEATURE:1cxx_attributes
    Feature record: CXX_FEATURE:0cxx_attribute_deprecated
    Feature record: CXX_FEATURE:1cxx_auto_type
    Feature record: CXX_FEATURE:0cxx_binary_literals
    Feature record: CXX_FEATURE:1cxx_constexpr
    Feature record: CXX_FEATURE:0cxx_contextual_conversions
    Feature record: CXX_FEATURE:1cxx_decltype
    Feature record: CXX_FEATURE:0cxx_decltype_auto
    Feature record: CXX_FEATURE:1cxx_decltype_incomplete_return_types
    Feature record: CXX_FEATURE:1cxx_default_function_template_args
    Feature record: CXX_FEATURE:1cxx_defaulted_functions
    Feature record: CXX_FEATURE:1cxx_defaulted_move_initializers
    Feature record: CXX_FEATURE:1cxx_delegating_constructors
    Feature record: CXX_FEATURE:1cxx_deleted_functions
    Feature record: CXX_FEATURE:0cxx_digit_separators
    Feature record: CXX_FEATURE:1cxx_enum_forward_declarations
    Feature record: CXX_FEATURE:1cxx_explicit_conversions
    Feature record: CXX_FEATURE:1cxx_extended_friend_declarations
    Feature record: CXX_FEATURE:1cxx_extern_templates
    Feature record: CXX_FEATURE:1cxx_final
    Feature record: CXX_FEATURE:1cxx_func_identifier
    Feature record: CXX_FEATURE:1cxx_generalized_initializers
    Feature record: CXX_FEATURE:0cxx_generic_lambdas
    Feature record: CXX_FEATURE:1cxx_inheriting_constructors
    Feature record: CXX_FEATURE:1cxx_inline_namespaces
    Feature record: CXX_FEATURE:1cxx_lambdas
    Feature record: CXX_FEATURE:0cxx_lambda_init_captures
    Feature record: CXX_FEATURE:1cxx_local_type_template_args
    Feature record: CXX_FEATURE:1cxx_long_long_type
    Feature record: CXX_FEATURE:1cxx_noexcept
    Feature record: CXX_FEATURE:1cxx_nonstatic_member_init
    Feature record: CXX_FEATURE:1cxx_nullptr
    Feature record: CXX_FEATURE:1cxx_override
    Feature record: CXX_FEATURE:1cxx_range_for
    Feature record: CXX_FEATURE:1cxx_raw_string_literals
    Feature record: CXX_FEATURE:1cxx_reference_qualified_functions
    Feature record: CXX_FEATURE:0cxx_relaxed_constexpr
    Feature record: CXX_FEATURE:0cxx_return_type_deduction
    Feature record: CXX_FEATURE:1cxx_right_angle_brackets
    Feature record: CXX_FEATURE:1cxx_rvalue_references
    Feature record: CXX_FEATURE:1cxx_sizeof_member
    Feature record: CXX_FEATURE:1cxx_static_assert
    Feature record: CXX_FEATURE:1cxx_strong_enums
    Feature record: CXX_FEATURE:1cxx_template_template_parameters
    Feature record: CXX_FEATURE:1cxx_thread_local
    Feature record: CXX_FEATURE:1cxx_trailing_return_types
    Feature record: CXX_FEATURE:1cxx_unicode_literals
    Feature record: CXX_FEATURE:1cxx_uniform_initialization
    Feature record: CXX_FEATURE:1cxx_unrestricted_unions
    Feature record: CXX_FEATURE:1cxx_user_literals
    Feature record: CXX_FEATURE:0cxx_variable_templates
    Feature record: CXX_FEATURE:1cxx_variadic_macros
    Feature record: CXX_FEATURE:1cxx_variadic_templates


Detecting CXX [-std=c++11] compiler features compiled with the following output:
Change Dir: /home/HwHiAiUser/HIAI_PROJECTS/hpa/build/intermediates/host/CMakeFiles/CMakeTmp

Run Build Command:"/usr/bin/gmake" "cmTC_3e33c/fast"
/usr/bin/gmake -f CMakeFiles/cmTC_3e33c.dir/build.make CMakeFiles/cmTC_3e33c.dir/build
gmake[1]: Entering directory `/home/HwHiAiUser/HIAI_PROJECTS/hpa/build/intermediates/host/CMakeFiles/CMakeTmp'
Building CXX object CMakeFiles/cmTC_3e33c.dir/feature_tests.cxx.o
/usr/bin/g++     -std=c++11 -o CMakeFiles/cmTC_3e33c.dir/feature_tests.cxx.o -c /home/HwHiAiUser/HIAI_PROJECTS/hpa/build/intermediates/host/CMakeFiles/feature_tests.cxx
Linking CXX executable cmTC_3e33c
/usr/bin/cmake -E cmake_link_script CMakeFiles/cmTC_3e33c.dir/link.txt --verbose=1
/usr/bin/g++        CMakeFiles/cmTC_3e33c.dir/feature_tests.cxx.o  -o cmTC_3e33c 
gmake[1]: Leaving directory `/home/HwHiAiUser/HIAI_PROJECTS/hpa/build/intermediates/host/CMakeFiles/CMakeTmp'


    Feature record: CXX_FEATURE:0cxx_aggregate_default_initializers
    Feature record: CXX_FEATURE:1cxx_alias_templates
    Feature record: CXX_FEATURE:1cxx_alignas
    Feature record: CXX_FEATURE:1cxx_alignof
    Feature record: CXX_FEATURE:1cxx_attributes
    Feature record: CXX_FEATURE:0cxx_attribute_deprecated
    Feature record: CXX_FEATURE:1cxx_auto_type
    Feature record: CXX_FEATURE:0cxx_binary_literals
    Feature record: CXX_FEATURE:1cxx_constexpr
    Feature record: CXX_FEATURE:0cxx_contextual_conversions
    Feature record: CXX_FEATURE:1cxx_decltype
    Feature record: CXX_FEATURE:0cxx_decltype_auto
    Feature record: CXX_FEATURE:1cxx_decltype_incomplete_return_types
    Feature record: CXX_FEATURE:1cxx_default_function_template_args
    Feature record: CXX_FEATURE:1cxx_defaulted_functions
    Feature record: CXX_FEATURE:1cxx_defaulted_move_initializers
    Feature record: CXX_FEATURE:1cxx_delegating_constructors
    Feature record: CXX_FEATURE:1cxx_deleted_functions
    Feature record: CXX_FEATURE:0cxx_digit_separators
    Feature record: CXX_FEATURE:1cxx_enum_forward_declarations
    Feature record: CXX_FEATURE:1cxx_explicit_conversions
    Feature record: CXX_FEATURE:1cxx_extended_friend_declarations
    Feature record: CXX_FEATURE:1cxx_extern_templates
    Feature record: CXX_FEATURE:1cxx_final
    Feature record: CXX_FEATURE:1cxx_func_identifier
    Feature record: CXX_FEATURE:1cxx_generalized_initializers
    Feature record: CXX_FEATURE:0cxx_generic_lambdas
    Feature record: CXX_FEATURE:1cxx_inheriting_constructors
    Feature record: CXX_FEATURE:1cxx_inline_namespaces
    Feature record: CXX_FEATURE:1cxx_lambdas
    Feature record: CXX_FEATURE:0cxx_lambda_init_captures
    Feature record: CXX_FEATURE:1cxx_local_type_template_args
    Feature record: CXX_FEATURE:1cxx_long_long_type
    Feature record: CXX_FEATURE:1cxx_noexcept
    Feature record: CXX_FEATURE:1cxx_nonstatic_member_init
    Feature record: CXX_FEATURE:1cxx_nullptr
    Feature record: CXX_FEATURE:1cxx_override
    Feature record: CXX_FEATURE:1cxx_range_for
    Feature record: CXX_FEATURE:1cxx_raw_string_literals
    Feature record: CXX_FEATURE:1cxx_reference_qualified_functions
    Feature record: CXX_FEATURE:0cxx_relaxed_constexpr
    Feature record: CXX_FEATURE:0cxx_return_type_deduction
    Feature record: CXX_FEATURE:1cxx_right_angle_brackets
    Feature record: CXX_FEATURE:1cxx_rvalue_references
    Feature record: CXX_FEATURE:1cxx_sizeof_member
    Feature record: CXX_FEATURE:1cxx_static_assert
    Feature record: CXX_FEATURE:1cxx_strong_enums
    Feature record: CXX_FEATURE:1cxx_template_template_parameters
    Feature record: CXX_FEATURE:1cxx_thread_local
    Feature record: CXX_FEATURE:1cxx_trailing_return_types
    Feature record: CXX_FEATURE:1cxx_unicode_literals
    Feature record: CXX_FEATURE:1cxx_uniform_initialization
    Feature record: CXX_FEATURE:1cxx_unrestricted_unions
    Feature record: CXX_FEATURE:1cxx_user_literals
    Feature record: CXX_FEATURE:0cxx_variable_templates
    Feature record: CXX_FEATURE:1cxx_variadic_macros
    Feature record: CXX_FEATURE:1cxx_variadic_templates


Detecting CXX [-std=c++98] compiler features compiled with the following output:
Change Dir: /home/HwHiAiUser/HIAI_PROJECTS/hpa/build/intermediates/host/CMakeFiles/CMakeTmp

Run Build Command:"/usr/bin/gmake" "cmTC_32fff/fast"
/usr/bin/gmake -f CMakeFiles/cmTC_32fff.dir/build.make CMakeFiles/cmTC_32fff.dir/build
gmake[1]: Entering directory `/home/HwHiAiUser/HIAI_PROJECTS/hpa/build/intermediates/host/CMakeFiles/CMakeTmp'
Building CXX object CMakeFiles/cmTC_32fff.dir/feature_tests.cxx.o
/usr/bin/g++     -std=c++98 -o CMakeFiles/cmTC_32fff.dir/feature_tests.cxx.o -c /home/HwHiAiUser/HIAI_PROJECTS/hpa/build/intermediates/host/CMakeFiles/feature_tests.cxx
Linking CXX executable cmTC_32fff
/usr/bin/cmake -E cmake_link_script CMakeFiles/cmTC_32fff.dir/link.txt --verbose=1
/usr/bin/g++        CMakeFiles/cmTC_32fff.dir/feature_tests.cxx.o  -o cmTC_32fff 
gmake[1]: Leaving directory `/home/HwHiAiUser/HIAI_PROJECTS/hpa/build/intermediates/host/CMakeFiles/CMakeTmp'


    Feature record: CXX_FEATURE:0cxx_aggregate_default_initializers
    Feature record: CXX_FEATURE:0cxx_alias_templates
    Feature record: CXX_FEATURE:0cxx_alignas
    Feature record: CXX_FEATURE:0cxx_alignof
    Feature record: CXX_FEATURE:0cxx_attributes
    Feature record: CXX_FEATURE:0cxx_attribute_deprecated
    Feature record: CXX_FEATURE:0cxx_auto_type
    Feature record: CXX_FEATURE:0cxx_binary_literals
    Feature record: CXX_FEATURE:0cxx_constexpr
    Feature record: CXX_FEATURE:0cxx_contextual_conversions
    Feature record: CXX_FEATURE:0cxx_decltype
    Feature record: CXX_FEATURE:0cxx_decltype_auto
    Feature record: CXX_FEATURE:0cxx_decltype_incomplete_return_types
    Feature record: CXX_FEATURE:0cxx_default_function_template_args
    Feature record: CXX_FEATURE:0cxx_defaulted_functions
    Feature record: CXX_FEATURE:0cxx_defaulted_move_initializers
    Feature record: CXX_FEATURE:0cxx_delegating_constructors
    Feature record: CXX_FEATURE:0cxx_deleted_functions
    Feature record: CXX_FEATURE:0cxx_digit_separators
    Feature record: CXX_FEATURE:0cxx_enum_forward_declarations
    Feature record: CXX_FEATURE:0cxx_explicit_conversions
    Feature record: CXX_FEATURE:0cxx_extended_friend_declarations
    Feature record: CXX_FEATURE:0cxx_extern_templates
    Feature record: CXX_FEATURE:0cxx_final
    Feature record: CXX_FEATURE:0cxx_func_identifier
    Feature record: CXX_FEATURE:0cxx_generalized_initializers
    Feature record: CXX_FEATURE:0cxx_generic_lambdas
    Feature record: CXX_FEATURE:0cxx_inheriting_constructors
    Feature record: CXX_FEATURE:0cxx_inline_namespaces
    Feature record: CXX_FEATURE:0cxx_lambdas
    Feature record: CXX_FEATURE:0cxx_lambda_init_captures
    Feature record: CXX_FEATURE:0cxx_local_type_template_args
    Feature record: CXX_FEATURE:0cxx_long_long_type
    Feature record: CXX_FEATURE:0cxx_noexcept
    Feature record: CXX_FEATURE:0cxx_nonstatic_member_init
    Feature record: CXX_FEATURE:0cxx_nullptr
    Feature record: CXX_FEATURE:0cxx_override
    Feature record: CXX_FEATURE:0cxx_range_for
    Feature record: CXX_FEATURE:0cxx_raw_string_literals
    Feature record: CXX_FEATURE:0cxx_reference_qualified_functions
    Feature record: CXX_FEATURE:0cxx_relaxed_constexpr
    Feature record: CXX_FEATURE:0cxx_return_type_deduction
    Feature record: CXX_FEATURE:0cxx_right_angle_brackets
    Feature record: CXX_FEATURE:0cxx_rvalue_references
    Feature record: CXX_FEATURE:0cxx_sizeof_member
    Feature record: CXX_FEATURE:0cxx_static_assert
    Feature record: CXX_FEATURE:0cxx_strong_enums
    Feature record: CXX_FEATURE:1cxx_template_template_parameters
    Feature record: CXX_FEATURE:0cxx_thread_local
    Feature record: CXX_FEATURE:0cxx_trailing_return_types
    Feature record: CXX_FEATURE:0cxx_unicode_literals
    Feature record: CXX_FEATURE:0cxx_uniform_initialization
    Feature record: CXX_FEATURE:0cxx_unrestricted_unions
    Feature record: CXX_FEATURE:0cxx_user_literals
    Feature record: CXX_FEATURE:0cxx_variable_templates
    Feature record: CXX_FEATURE:0cxx_variadic_macros
    Feature record: CXX_FEATURE:0cxx_variadic_templates
